This file contains any messages produced by compilers while
running configure, to aid debugging if configure makes a mistake.

It was created by configure, which was
generated by GNU Autoconf 2.52.  Invocation command line was

  $ ./configure 

## ---------- ##
## Platform.  ##
## ---------- ##

hostname = monsoon.soest.hawaii.edu
uname -m = x86_64
uname -r = 2.6.32-220.13.1.el6.x86_64
uname -s = Linux
uname -v = #1 SMP Tue Apr 17 23:56:34 BST 2012

/usr/bin/uname -p = unknown
/bin/uname -X     = unknown

/bin/arch              = x86_64
/usr/bin/arch -k       = unknown
/usr/convex/getsysinfo = unknown
hostinfo               = unknown
/bin/machine           = unknown
/usr/bin/oslevel       = unknown
/bin/universe          = unknown

PATH = /home/xfu/bin:/home/xfu/bin/netcdf-413/bin:/home/xfu/bin/uex/bin:/usr/mpi/pgi/mvapich2-1.7/bin:/opt/pgi/linux86-64/12.5/bin:/opt/torque/bin:/usr/bin:/bin:/opt/openmpi/bin:/usr/lib64/qt-3.3/bin:/opt/pgi/linux86-64/12.5/bin:/usr/local/bin:/bin:/usr/bin:/usr/local/sbin:/usr/sbin:/sbin:/opt/ganglia/bin:/opt/ganglia/sbin:/usr/java/latest/bin:/opt/maui/bin:/opt/torque/bin:/opt/torque/sbin:/opt/pdsh/bin:/opt/rocks/bin:/opt/rocks/sbin

## ------------ ##
## Core tests.  ##
## ------------ ##

configure:956: PATH=".;."; conftest.sh
./configure: line 957: conftest.sh: command not found
configure:959: $? = 127
configure:1005: checking build system type
configure:1023: result: x86_64-unknown-linux-gnu
configure:1033: checking host system type
configure:1047: result: x86_64-unknown-linux-gnu
configure:1057: checking target system type
configure:1071: result: x86_64-unknown-linux-gnu
configure:1124: checking for machine dependent configuration
configure:1175: result: config/mh-linux-x86
configure:1186: checking for f95
configure:1209: result: /usr/mpi/pgi/mvapich2-1.7/bin/mpif90
configure:1257: checking for ranlib
configure:1272: found /usr/bin/ranlib
configure:1281: result: ranlib
configure:1295: checking for perl
configure:1313: found /usr/bin/perl
configure:1325: result: /usr/bin/perl
configure:1334: checking for gmake
configure:1352: found /usr/bin/gmake
configure:1364: result: /usr/bin/gmake
configure:1418: checking for gcc
configure:1441: result: gcc
configure:1669: checking for C compiler version
configure:1672: gcc --version </dev/null >&5
gcc (GCC) 4.4.6 20110731 (Red Hat 4.4.6-3)
Copyright (C) 2010 Free Software Foundation, Inc.
This is free software; see the source for copying conditions.  There is NO
warranty; not even for MERCHANTABILITY or FITNESS FOR A PARTICULAR PURPOSE.

configure:1675: $? = 0
configure:1677: gcc -v </dev/null >&5
Using built-in specs.
Target: x86_64-redhat-linux
Configured with: ../configure --prefix=/usr --mandir=/usr/share/man --infodir=/usr/share/info --with-bugurl=http://bugzilla.redhat.com/bugzilla --enable-bootstrap --enable-shared --enable-threads=posix --enable-checking=release --with-system-zlib --enable-__cxa_atexit --disable-libunwind-exceptions --enable-gnu-unique-object --enable-languages=c,c++,objc,obj-c++,java,fortran,ada --enable-java-awt=gtk --disable-dssi --with-java-home=/usr/lib/jvm/java-1.5.0-gcj-1.5.0.0/jre --enable-libgcj-multifile --enable-java-maintainer-mode --with-ecj-jar=/usr/share/java/eclipse-ecj.jar --disable-libjava-multilib --with-ppl --with-cloog --with-tune=generic --with-arch_32=i686 --build=x86_64-redhat-linux
Thread model: posix
gcc version 4.4.6 20110731 (Red Hat 4.4.6-3) (GCC) 
configure:1680: $? = 0
configure:1682: gcc -V </dev/null >&5
gcc: '-V' option must have argument
configure:1685: $? = 1
configure:1705: checking for C compiler default output
configure:1708: gcc -O -DpgiFortran   conftest.c  >&5
configure:1711: $? = 0
configure:1740: result: a.out
configure:1745: checking whether the C compiler works
configure:1751: ./a.out
configure:1754: $? = 0
configure:1769: result: yes
configure:1776: checking whether we are cross compiling
configure:1778: result: no
configure:1781: checking for executable suffix
configure:1783: gcc -o conftest -O -DpgiFortran   conftest.c  >&5
configure:1786: $? = 0
configure:1808: result: 
configure:1814: checking for object suffix
configure:1832: gcc -c -O -DpgiFortran  conftest.c >&5
configure:1835: $? = 0
configure:1854: result: o
configure:1858: checking whether we are using the GNU C compiler
configure:1879: gcc -c -O -DpgiFortran  conftest.c >&5
configure:1882: $? = 0
configure:1885: test -s conftest.o
configure:1888: $? = 0
configure:1900: result: yes
configure:1906: checking whether gcc accepts -g
configure:1924: gcc -c -g  conftest.c >&5
configure:1927: $? = 0
configure:1930: test -s conftest.o
configure:1933: $? = 0
configure:1943: result: yes
configure:1970: gcc -c -O -DpgiFortran  conftest.c >&5
conftest.c:2: error: expected '=', ',', ';', 'asm' or '__attribute__' before 'me'
configure:1973: $? = 1
configure: failed program was:
#ifndef __cplusplus
  choke me
#endif
configure:2076: checking for main in -lnetcdf
configure:2096: gcc -o conftest -O -DpgiFortran   conftest.c -lnetcdf   >&5
configure:2099: $? = 0
configure:2102: test -s conftest
configure:2105: $? = 0
configure:2116: result: yes
configure:2132: checking how to run the C preprocessor
configure:2158: gcc -E  conftest.c
configure:2164: $? = 0
configure:2191: gcc -E  conftest.c
configure:2188:28: error: ac_nonexistent.h: No such file or directory
configure:2197: $? = 1
configure: failed program was:
#line 2187 "configure"
#include "confdefs.h"
#include <ac_nonexistent.h>
configure:2234: result: gcc -E
configure:2249: gcc -E  conftest.c
configure:2255: $? = 0
configure:2282: gcc -E  conftest.c
configure:2279:28: error: ac_nonexistent.h: No such file or directory
configure:2288: $? = 1
configure: failed program was:
#line 2278 "configure"
#include "confdefs.h"
#include <ac_nonexistent.h>
configure:2330: checking for /home/xfu/bin/netcdf-413/include/netcdf.inc
configure:2340: gcc -E  conftest.c
configure:2346: $? = 0
configure:2365: result: yes
configure:2405: checking for /usr/mpi/pgi/mvapich2-1.7/include/mpif.h
configure:2415: gcc -E  conftest.c
configure:2421: $? = 0
configure:2440: result: yes
configure:2465: checking for ANSI C header files
configure:2479: gcc -E  conftest.c
configure:2485: $? = 0
configure:2572: gcc -o conftest -O -DpgiFortran   conftest.c -lnetcdf  >&5
configure: In function 'main':
configure:2564: warning: incompatible implicit declaration of built-in function 'exit'
configure:2575: $? = 0
configure:2577: ./conftest
configure:2580: $? = 0
configure:2593: result: yes
configure:2606: checking for fcntl.h
configure:2616: gcc -E  conftest.c
configure:2622: $? = 0
configure:2641: result: yes
configure:2606: checking for fortran.h
configure:2616: gcc -E  conftest.c
configure:2613:21: error: fortran.h: No such file or directory
configure:2622: $? = 1
configure: failed program was:
#line 2612 "configure"
#include "confdefs.h"
#include <fortran.h>
configure:2641: result: no
configure:2606: checking for limits.h
configure:2616: gcc -E  conftest.c
configure:2622: $? = 0
configure:2641: result: yes
configure:2606: checking for malloc.h
configure:2616: gcc -E  conftest.c
configure:2622: $? = 0
configure:2641: result: yes
configure:2606: checking for netdb.h
configure:2616: gcc -E  conftest.c
configure:2622: $? = 0
configure:2641: result: yes
configure:2606: checking for pwd.h
configure:2616: gcc -E  conftest.c
configure:2622: $? = 0
configure:2641: result: yes
configure:2606: checking for unistd.h
configure:2616: gcc -E  conftest.c
configure:2622: $? = 0
configure:2641: result: yes
configure:2606: checking for sys/param.h
configure:2616: gcc -E  conftest.c
configure:2622: $? = 0
configure:2641: result: yes
configure:2606: checking for sys/time.h
configure:2616: gcc -E  conftest.c
configure:2622: $? = 0
configure:2641: result: yes
configure:2606: checking for sys/unistd.h
configure:2616: gcc -E  conftest.c
configure:2622: $? = 0
configure:2641: result: yes
configure:2606: checking for sys/utsname.h
configure:2616: gcc -E  conftest.c
configure:2622: $? = 0
configure:2641: result: yes
configure:2651: checking for gcc option to accept ANSI C
configure:2708: gcc  -c -O -DpgiFortran  conftest.c >&5
configure:2711: $? = 0
configure:2714: test -s conftest.o
configure:2717: $? = 0
configure:2734: result: none needed
configure:2742: checking for an ANSI C-conforming const
configure:2806: gcc -c -O -DpgiFortran  conftest.c >&5
configure:2809: $? = 0
configure:2812: test -s conftest.o
configure:2815: $? = 0
configure:2825: result: yes
configure:2835: checking whether time.h and sys/time.h may both be included
configure:2857: gcc -c -O -DpgiFortran  conftest.c >&5
configure:2860: $? = 0
configure:2863: test -s conftest.o
configure:2866: $? = 0
configure:2876: result: yes
configure:2889: checking for getrusage
configure:2926: gcc -o conftest -O -DpgiFortran   conftest.c -lnetcdf  >&5
configure:2929: $? = 0
configure:2932: test -s conftest
configure:2935: $? = 0
configure:2945: result: yes
configure:2889: checking for gettimeofday
configure:2926: gcc -o conftest -O -DpgiFortran   conftest.c -lnetcdf  >&5
configure:2929: $? = 0
configure:2932: test -s conftest
configure:2935: $? = 0
configure:2945: result: yes
configure:2889: checking for sysconf
configure:2926: gcc -o conftest -O -DpgiFortran   conftest.c -lnetcdf  >&5
configure:2929: $? = 0
configure:2932: test -s conftest
configure:2935: $? = 0
configure:2945: result: yes
configure:2889: checking for uname
configure:2926: gcc -o conftest -O -DpgiFortran   conftest.c -lnetcdf  >&5
configure:2929: $? = 0
configure:2932: test -s conftest
configure:2935: $? = 0
configure:2945: result: yes
configure:2889: checking for valloc
configure:2926: gcc -o conftest -O -DpgiFortran   conftest.c -lnetcdf  >&5
configure:2929: $? = 0
configure:2932: test -s conftest
configure:2935: $? = 0
configure:2945: result: yes
configure:2955: checking whether byte ordering is bigendian
configure:2980: gcc -c -O -DpgiFortran  conftest.c >&5
configure:2983: $? = 0
configure:2986: test -s conftest.o
configure:2989: $? = 0
configure:3010: gcc -c -O -DpgiFortran  conftest.c >&5
configure: In function 'main':
configure:3001: error: 'not' undeclared (first use in this function)
configure:3001: error: (Each undeclared identifier is reported only once
configure:3001: error: for each function it appears in.)
configure:3001: error: expected ';' before 'big'
configure:3013: $? = 1
configure: failed program was:
#line 2993 "configure"
#include "confdefs.h"
#include <sys/types.h>
#include <sys/param.h>

int
main ()
{
#if BYTE_ORDER != BIG_ENDIAN
 not big endian
#endif

  ;
  return 0;
}
configure:3077: result: no
configure:3093: checking for sys/types.h
configure:3105: gcc -c -O -DpgiFortran  conftest.c >&5
configure:3108: $? = 0
configure:3111: test -s conftest.o
configure:3114: $? = 0
configure:3124: result: yes
configure:3093: checking for sys/stat.h
configure:3105: gcc -c -O -DpgiFortran  conftest.c >&5
configure:3108: $? = 0
configure:3111: test -s conftest.o
configure:3114: $? = 0
configure:3124: result: yes
configure:3093: checking for stdlib.h
configure:3105: gcc -c -O -DpgiFortran  conftest.c >&5
configure:3108: $? = 0
configure:3111: test -s conftest.o
configure:3114: $? = 0
configure:3124: result: yes
configure:3093: checking for string.h
configure:3105: gcc -c -O -DpgiFortran  conftest.c >&5
configure:3108: $? = 0
configure:3111: test -s conftest.o
configure:3114: $? = 0
configure:3124: result: yes
configure:3093: checking for memory.h
configure:3105: gcc -c -O -DpgiFortran  conftest.c >&5
configure:3108: $? = 0
configure:3111: test -s conftest.o
configure:3114: $? = 0
configure:3124: result: yes
configure:3093: checking for strings.h
configure:3105: gcc -c -O -DpgiFortran  conftest.c >&5
configure:3108: $? = 0
configure:3111: test -s conftest.o
configure:3114: $? = 0
configure:3124: result: yes
configure:3093: checking for inttypes.h
configure:3105: gcc -c -O -DpgiFortran  conftest.c >&5
configure:3108: $? = 0
configure:3111: test -s conftest.o
configure:3114: $? = 0
configure:3124: result: yes
configure:3093: checking for stdint.h
configure:3105: gcc -c -O -DpgiFortran  conftest.c >&5
configure:3108: $? = 0
configure:3111: test -s conftest.o
configure:3114: $? = 0
configure:3124: result: yes
configure:3093: checking for unistd.h
configure:3124: result: yes
configure:3134: checking for char
configure:3155: gcc -c -O -DpgiFortran  conftest.c >&5
configure:3158: $? = 0
configure:3161: test -s conftest.o
configure:3164: $? = 0
configure:3174: result: yes
configure:3177: checking size of char
configure:3341: gcc -o conftest -O -DpgiFortran   conftest.c -lnetcdf  >&5
configure:3344: $? = 0
configure:3346: ./conftest
configure:3349: $? = 0
configure:3365: result: 1
configure:3371: checking for short
configure:3392: gcc -c -O -DpgiFortran  conftest.c >&5
configure:3395: $? = 0
configure:3398: test -s conftest.o
configure:3401: $? = 0
configure:3411: result: yes
configure:3414: checking size of short
configure:3578: gcc -o conftest -O -DpgiFortran   conftest.c -lnetcdf  >&5
configure:3581: $? = 0
configure:3583: ./conftest
configure:3586: $? = 0
configure:3602: result: 2
configure:3608: checking for int
configure:3629: gcc -c -O -DpgiFortran  conftest.c >&5
configure:3632: $? = 0
configure:3635: test -s conftest.o
configure:3638: $? = 0
configure:3648: result: yes
configure:3651: checking size of int
configure:3815: gcc -o conftest -O -DpgiFortran   conftest.c -lnetcdf  >&5
configure:3818: $? = 0
configure:3820: ./conftest
configure:3823: $? = 0
configure:3839: result: 4
configure:3845: checking for long
configure:3866: gcc -c -O -DpgiFortran  conftest.c >&5
configure:3869: $? = 0
configure:3872: test -s conftest.o
configure:3875: $? = 0
configure:3885: result: yes
configure:3888: checking size of long
configure:4052: gcc -o conftest -O -DpgiFortran   conftest.c -lnetcdf  >&5
configure:4055: $? = 0
configure:4057: ./conftest
configure:4060: $? = 0
configure:4076: result: 8
configure:4082: checking for long long
configure:4103: gcc -c -O -DpgiFortran  conftest.c >&5
configure:4106: $? = 0
configure:4109: test -s conftest.o
configure:4112: $? = 0
configure:4122: result: yes
configure:4125: checking size of long long
configure:4289: gcc -o conftest -O -DpgiFortran   conftest.c -lnetcdf  >&5
configure:4292: $? = 0
configure:4294: ./conftest
configure:4297: $? = 0
configure:4313: result: 8
configure:4319: checking for float
configure:4340: gcc -c -O -DpgiFortran  conftest.c >&5
configure:4343: $? = 0
configure:4346: test -s conftest.o
configure:4349: $? = 0
configure:4359: result: yes
configure:4362: checking size of float
configure:4526: gcc -o conftest -O -DpgiFortran   conftest.c -lnetcdf  >&5
configure:4529: $? = 0
configure:4531: ./conftest
configure:4534: $? = 0
configure:4550: result: 4
configure:4556: checking for double
configure:4577: gcc -c -O -DpgiFortran  conftest.c >&5
configure:4580: $? = 0
configure:4583: test -s conftest.o
configure:4586: $? = 0
configure:4596: result: yes
configure:4599: checking size of double
configure:4763: gcc -o conftest -O -DpgiFortran   conftest.c -lnetcdf  >&5
configure:4766: $? = 0
configure:4768: ./conftest
configure:4771: $? = 0
configure:4787: result: 8
configure:4793: checking for long double
configure:4814: gcc -c -O -DpgiFortran  conftest.c >&5
configure:4817: $? = 0
configure:4820: test -s conftest.o
configure:4823: $? = 0
configure:4833: result: yes
configure:4836: checking size of long double
configure:5000: gcc -o conftest -O -DpgiFortran   conftest.c -lnetcdf  >&5
configure:5003: $? = 0
configure:5005: ./conftest
configure:5008: $? = 0
configure:5024: result: 16
configure:5030: checking for int *
configure:5051: gcc -c -O -DpgiFortran  conftest.c >&5
configure:5054: $? = 0
configure:5057: test -s conftest.o
configure:5060: $? = 0
configure:5070: result: yes
configure:5073: checking size of int *
configure:5237: gcc -o conftest -O -DpgiFortran   conftest.c -lnetcdf  >&5
configure:5240: $? = 0
configure:5242: ./conftest
configure:5245: $? = 0
configure:5261: result: 8
configure:5276: checking for integer*1
configure:5292: result: yes
configure:5296: checking for integer*2
configure:5312: result: yes
configure:5316: checking for integer*4
configure:5332: result: yes
configure:5336: checking for integer*8
configure:5352: result: yes
configure:5356: checking for integer*16
configure:5372: result: yes
configure:5376: checking for real*4
configure:5392: result: yes
configure:5396: checking for real*8
configure:5412: result: yes
configure:5416: checking for real*16
configure:5432: result: yes
configure:5436: checking for double complex
configure:5452: result: yes
configure:5456: checking for complex*8
configure:5472: result: yes
configure:5476: checking for complex*16
configure:5492: result: yes
configure:5496: checking for complex*32
configure:5512: result: yes
configure:5518: checking for size of Fortran INTEGER
configure:5540: result:             4
configure:5559: checking for size of Fortran REAL
configure:5586: result:             8
configure:5619: checking for Fortran INTEGER*1
configure:5629: result: found
configure:5619: checking for Fortran INTEGER*2
configure:5629: result: found
configure:5619: checking for Fortran INTEGER*4
configure:5629: result: found
configure:5619: checking for Fortran INTEGER*8
configure:5629: result: found
configure:5619: checking for Fortran INTEGER*16
configure:5638: result: not supported
configure:5648: checking for Fortran REAL*4 and COMPLEX*8
configure:5668: result: found
configure:5648: checking for Fortran REAL*8 and COMPLEX*16
configure:5668: result: found
configure:5648: checking for Fortran REAL*16 and COMPLEX*32
configure:5678: result: not supported
configure:5683: checking for Fortran INTEGER
configure:5692: result: found
configure:5705: checking for Fortran REAL
configure:5714: result: found
configure:5967: creating ./config.status

## ----------------------- ##
## Running config.status.  ##
## ----------------------- ##

This file was extended by config.status 2.52, executed with
  CONFIG_FILES    = 
  CONFIG_HEADERS  = 
  CONFIG_LINKS    = 
  CONFIG_COMMANDS = 
  > ./config.status 
on monsoon.soest.hawaii.edu

config.status:6425: creating Makefile
config.status:6516: creating config/config.h
config.status:6657: config/config.h is unchanged
configure:6808: creating ./config.status

## ----------------------- ##
## Running config.status.  ##
## ----------------------- ##

This file was extended by config.status 2.52, executed with
  CONFIG_FILES    = 
  CONFIG_HEADERS  = 
  CONFIG_LINKS    = 
  CONFIG_COMMANDS = 
  > ./config.status 
on monsoon.soest.hawaii.edu

config.status:7267: creating Makefile
config.status:7267: creating util/f2html.pl
config.status:7267: creating util/F2f.pl
config.status:7267: creating util/f2F.pl
config.status:7267: creating util/createMakefiles.pl
config.status:7358: creating config/config.h
config.status:7499: config/config.h is unchanged

## ----------------- ##
## Cache variables.  ##
## ----------------- ##

ac_cv_build=x86_64-unknown-linux-gnu
ac_cv_build_alias=x86_64-unknown-linux-gnu
ac_cv_c_bigendian=no
ac_cv_c_compiler_gnu=yes
ac_cv_c_const=yes
ac_cv_env_CC_set=
ac_cv_env_CC_value=
ac_cv_env_CFLAGS_set=
ac_cv_env_CFLAGS_value=
ac_cv_env_CPPFLAGS_set=
ac_cv_env_CPPFLAGS_value=
ac_cv_env_CPP_set=
ac_cv_env_CPP_value=
ac_cv_env_LDFLAGS_set=
ac_cv_env_LDFLAGS_value=
ac_cv_env_build_alias_set=
ac_cv_env_build_alias_value=
ac_cv_env_host_alias_set=
ac_cv_env_host_alias_value=
ac_cv_env_target_alias_set=
ac_cv_env_target_alias_value=
ac_cv_func_getrusage=yes
ac_cv_func_gettimeofday=yes
ac_cv_func_sysconf=yes
ac_cv_func_uname=yes
ac_cv_func_valloc=yes
ac_cv_header__home_xfu_bin_netcdf_413_include_netcdf_inc=yes
ac_cv_header__usr_mpi_pgi_mvapich2_1_7_include_mpif_h=yes
ac_cv_header_fcntl_h=yes
ac_cv_header_fortran_h=no
ac_cv_header_inttypes_h=yes
ac_cv_header_limits_h=yes
ac_cv_header_malloc_h=yes
ac_cv_header_memory_h=yes
ac_cv_header_netdb_h=yes
ac_cv_header_pwd_h=yes
ac_cv_header_stdc=yes
ac_cv_header_stdint_h=yes
ac_cv_header_stdlib_h=yes
ac_cv_header_string_h=yes
ac_cv_header_strings_h=yes
ac_cv_header_sys_param_h=yes
ac_cv_header_sys_stat_h=yes
ac_cv_header_sys_time_h=yes
ac_cv_header_sys_types_h=yes
ac_cv_header_sys_unistd_h=yes
ac_cv_header_sys_utsname_h=yes
ac_cv_header_time=yes
ac_cv_header_unistd_h=yes
ac_cv_host=x86_64-unknown-linux-gnu
ac_cv_host_alias=x86_64-unknown-linux-gnu
ac_cv_lib_netcdf_main=yes
ac_cv_objext=o
ac_cv_path_GMAKE=/usr/bin/gmake
ac_cv_path_PERL=/usr/bin/perl
ac_cv_prog_CPP='gcc -E'
ac_cv_prog_F90=/usr/mpi/pgi/mvapich2-1.7/bin/mpif90
ac_cv_prog_ac_ct_CC=gcc
ac_cv_prog_ac_ct_RANLIB=ranlib
ac_cv_prog_cc_g=yes
ac_cv_prog_cc_stdc=
ac_cv_sizeof_char=1
ac_cv_sizeof_double=8
ac_cv_sizeof_float=4
ac_cv_sizeof_int=4
ac_cv_sizeof_int_p=8
ac_cv_sizeof_long=8
ac_cv_sizeof_long_double=16
ac_cv_sizeof_long_long=8
ac_cv_sizeof_short=2
ac_cv_target=x86_64-unknown-linux-gnu
ac_cv_target_alias=x86_64-unknown-linux-gnu
ac_cv_type_char=yes
ac_cv_type_double=yes
ac_cv_type_float=yes
ac_cv_type_int=yes
ac_cv_type_int_p=yes
ac_cv_type_long=yes
ac_cv_type_long_double=yes
ac_cv_type_long_long=yes
ac_cv_type_short=yes

## ------------ ##
## confdefs.h.  ##
## ------------ ##

#define HAVE_LIBNETCDF 1
#define HAVE__HOME_XFU_BIN_NETCDF_413_INCLUDE_NETCDF_INC 1
#define HAVE__USR_MPI_PGI_MVAPICH2_1_7_INCLUDE_MPIF_H 1
#define STDC_HEADERS 1
#define HAVE_FCNTL_H 1
#define HAVE_LIMITS_H 1
#define HAVE_MALLOC_H 1
#define HAVE_NETDB_H 1
#define HAVE_PWD_H 1
#define HAVE_UNISTD_H 1
#define HAVE_SYS_PARAM_H 1
#define HAVE_SYS_TIME_H 1
#define HAVE_SYS_UNISTD_H 1
#define HAVE_SYS_UTSNAME_H 1
#define TIME_WITH_SYS_TIME 1
#define HAVE_GETRUSAGE 1
#define HAVE_GETTIMEOFDAY 1
#define HAVE_SYSCONF 1
#define HAVE_UNAME 1
#define HAVE_VALLOC 1
#define HAVE_SYS_TYPES_H 1
#define HAVE_SYS_STAT_H 1
#define HAVE_STDLIB_H 1
#define HAVE_STRING_H 1
#define HAVE_MEMORY_H 1
#define HAVE_STRINGS_H 1
#define HAVE_INTTYPES_H 1
#define HAVE_STDINT_H 1
#define HAVE_UNISTD_H 1
#define SIZEOF_CHAR 1
#define SIZEOF_SHORT 2
#define SIZEOF_INT 4
#define SIZEOF_LONG 8
#define SIZEOF_LONG_LONG 8
#define SIZEOF_FLOAT 4
#define SIZEOF_DOUBLE 8
#define SIZEOF_LONG_DOUBLE 16
#define SIZEOF_INT_P 8
#define FORT_INT 6
#define FORT_INT1 1
#define FORT_INT2 4
#define FORT_INT4 6
#define FORT_INT8 13
#define FORT_INT16 0
#define FORT_REAL 11
#define FORT_REAL4 10
#define FORT_REAL8 11
#define FORT_REAL16 0
#define FORT_COMPLEX8 0
#define FORT_COMPLEX16 0
#define FORT_COMPLEX32 0
#define FORT_INTEGER_LEN             4
#define FORT_REAL_LEN             8
#define FORTRANUNDERSCORE 1


configure: exit 0
